#
# A fatal error has been detected by the Java Runtime Environment:
#
#  Internal Error (javaClasses.cpp:136), pid=1988, tid=4976
#  fatal error: Invalid layout of preloaded class
#
# JRE version:  (7.0_51-b13) (build )
# Java VM: Java HotSpot(TM) Client VM (24.51-b03 mixed mode windows-x86 )
# Failed to write core dump. Minidumps are not enabled by default on client versions of Windows
#
# If you would like to submit a bug report, please visit:
#   http://bugreport.sun.com/bugreport/crash.jsp
#

---------------  T H R E A D  ---------------

Current thread (0x00869800):  JavaThread "Unknown thread" [_thread_in_vm, id=4976, stack(0x00950000,0x009a0000)]

Stack: [0x00950000,0x009a0000],  sp=0x0099fb10,  free space=318k
Native frames: (J=compiled Java code, j=interpreted, Vv=VM code, C=native code)
V  [jvm.dll+0x18e0f1]
V  [jvm.dll+0x187e66]
V  [jvm.dll+0x3586a]
V  [jvm.dll+0x358f6]
V  [jvm.dll+0x4400d]
V  [jvm.dll+0x442be]
V  [jvm.dll+0x9263a]
V  [jvm.dll+0x929eb]
V  [jvm.dll+0x13dc51]
V  [jvm.dll+0x16076c]
V  [jvm.dll+0xc8ebf]
C  [javaw.exe+0x13ce]
C  [javaw.exe+0x1e40]
C  [javaw.exe+0xa5b1]
C  [javaw.exe+0xa63b]
C  [kernel32.dll+0xb729]


---------------  P R O C E S S  ---------------

Java Threads: ( => current thread )

Other Threads:

=>0x00869800 (exited) JavaThread "Unknown thread" [_thread_in_vm, id=4976, stack(0x00950000,0x009a0000)]

VM state:not at safepoint (not fully initialized)

VM Mutex/Monitor currently owned by a thread: None

GC Heap History (0 events):
No events

Deoptimization events (0 events):
No events

Internal exceptions (0 events):
No events

Events (10 events):
Event: 0.007 loading class 0x02a66e48 done
Event: 0.007 loading class 0x02a668d8 done
Event: 0.007 loading class 0x02a668b8
Event: 0.007 loading class 0x02a6dbe0
Event: 0.007 loading class 0x02a6dbe0 done
Event: 0.007 loading class 0x02a6dc10
Event: 0.007 loading class 0x02a6dc10 done
Event: 0.007 loading class 0x02a6dc40
Event: 0.007 loading class 0x02a6dc40 done
Event: 0.008 loading class 0x02a668b8 done


Dynamic libraries:
0x00400000 - 0x0042f000 	C:\Program Files\Java\jre7\bin\javaw.exe
0x7c920000 - 0x7c9b3000 	C:\windows\system32\ntdll.dll
0x7c800000 - 0x7c91e000 	C:\windows\system32\kernel32.dll
0x77da0000 - 0x77e49000 	C:\windows\system32\ADVAPI32.dll
0x77e50000 - 0x77ee3000 	C:\windows\system32\RPCRT4.dll
0x77fc0000 - 0x77fd1000 	C:\windows\system32\Secur32.dll
0x77d10000 - 0x77da0000 	C:\windows\system32\USER32.dll
0x77ef0000 - 0x77f39000 	C:\windows\system32\GDI32.dll
0x77180000 - 0x77283000 	C:\windows\WinSxS\x86_Microsoft.Windows.Common-Controls_6595b64144ccf1df_6.0.2600.6028_x-ww_61e65202\COMCTL32.dll
0x77be0000 - 0x77c38000 	C:\windows\system32\msvcrt.dll
0x77f40000 - 0x77fb6000 	C:\windows\system32\SHLWAPI.dll
0x76300000 - 0x7631d000 	C:\windows\system32\IMM32.DLL
0x62c20000 - 0x62c29000 	C:\windows\system32\LPK.DLL
0x73fa0000 - 0x7400b000 	C:\windows\system32\USP10.dll
0x78aa0000 - 0x78b5f000 	C:\Program Files\Java\jre7\bin\msvcr100.dll
0x6e770000 - 0x6eaf0000 	C:\Program Files\Java\jre7\bin\client\jvm.dll
0x71a40000 - 0x71a4b000 	C:\windows\system32\WSOCK32.dll
0x71a20000 - 0x71a37000 	C:\windows\system32\WS2_32.dll
0x71a10000 - 0x71a18000 	C:\windows\system32\WS2HELP.dll
0x76b10000 - 0x76b3a000 	C:\windows\system32\WINMM.dll
0x76bc0000 - 0x76bcb000 	C:\windows\system32\PSAPI.DLL
0x6e6c0000 - 0x6e6cc000 	C:\Program Files\Java\jre7\bin\verify.dll
0x6d480000 - 0x6d4a0000 	C:\Program Files\Java\jre7\bin\java.dll
0x6e750000 - 0x6e763000 	C:\Program Files\Java\jre7\bin\zip.dll
0x68d60000 - 0x68e01000 	C:\windows\system32\dbghelp.dll
0x77bd0000 - 0x77bd8000 	C:\windows\system32\VERSION.dll

VM Arguments:
jvm_args: -Dfile.encoding=GBK -Xbootclasspath:F:\adt\sdk\platforms\android-19\android.jar 
java_command: com.zulwi.tiebasigner.activity.SbGetter
Launcher Type: SUN_STANDARD

Environment Variables:
PATH=C:/Program Files/Java/jre7/bin/client;C:/Program Files/Java/jre7/bin;C:/Program Files/Java/jre7/lib/i386;C:\Program Files\Intel\iCLS Client\;C:\windows\system32;C:\windows;C:\windows\System32\Wbem;C:\Program Files\Intel\Intel(R) Management Engine Components\DAL;C:\Program Files\Intel\Intel(R) Management Engine Components\IPT;D:\Tencent\QQ\Bin;F:\adt\eclipse;
USERNAME=Administrator
OS=Windows_NT
PROCESSOR_IDENTIFIER=x86 Family 6 Model 58 Stepping 9, GenuineIntel



---------------  S Y S T E M  ---------------

OS: Windows XP Build 2600 Service Pack 3

CPU:total 4 (2 cores per cpu, 2 threads per core) family 6 model 58 stepping 9, cmov, cx8, fxsr, mmx, sse, sse2, sse3, ssse3, sse4.1, sse4.2, popcnt, erms, ht, tsc, tscinvbit, tscinv

Memory: 4k page, physical 3579912k(1774328k free), swap 5507696k(3402428k free)

vm_info: Java HotSpot(TM) Client VM (24.51-b03) for windows-x86 JRE (1.7.0_51-b13), built on Dec 18 2013 19:09:58 by "java_re" with unknown MS VC++:1600

time: Wed Apr 30 12:17:42 2014
elapsed time: 0 seconds

